<!DOCTYPE html PUBLIC "-//W3C//DTD XHTML 1.1//EN" "https://www.w3.org/TR/xhtml11/DTD/xhtml11.dtd">
<html xmlns="https://www.w3.org/1999/xhtml">
<head>
<meta http-equiv="content-type" content="text/html; charset=UTF-8"/>
<title>TestNG Report</title>
<style type="text/css">table {margin-bottom:10px;border-collapse:collapse;empty-cells:show}th,td {border:1px solid #009;padding:.25em .5em}th {vertical-align:bottom}td {vertical-align:top}table a {font-weight:bold}.stripe td {background-color: #E6EBF9}.num {text-align:right}.passedodd td {background-color: #3F3}.passedeven td {background-color: #0A0}.skippedodd td {background-color: #DDD}.skippedeven td {background-color: #CCC}.failedodd td,.attn {background-color: #F33}.failedeven td,.stripe .attn {background-color: #D00}.stacktrace {white-space:pre;font-family:monospace}.totop {font-size:85%;text-align:center;border-bottom:2px solid #000}.invisible {display:none}</style>
</head>
<body>
<table>
<tr><th>Test</th><th># Passed</th><th># Skipped</th><th># Retried</th><th># Failed</th><th>Time (ms)</th><th>Included Groups</th><th>Excluded Groups</th></tr>
<tr><th colspan="8">Tests</th></tr>
<tr><td><a href="#t0">LK</a></td><td class="num">0</td><td class="num">0</td><td class="num">0</td><td class="num">0</td><td class="num">37</td><td></td><td></td></tr>
<tr class="stripe"><td><a href="#t1">CRM</a></td><td class="num">6</td><td class="num">0</td><td class="num">0</td><td class="num attn">8</td><td class="num">88 759</td><td></td><td></td></tr>
<tr><th>Total</th><th class="num">6</th><th class="num">0</th><th class="num">0</th><th class="num attn">8</th><th class="num">88 796</th><th colspan="2"></th></tr>
</table>
<table id='summary'><thead><tr><th>Class</th><th>Method</th><th>Start</th><th>Time (ms)</th></tr></thead><tbody><tr><th colspan="4">Tests</th></tr></tbody><tbody id="t0"><tr><th colspan="4" class="invisible"/></tr></tbody>
<tbody id="t1"><tr><th colspan="4">CRM &#8212; failed</th></tr><tr class="failedeven"><td rowspan="8">CRM.Test.FormsTest</td><td><a href="#m0">BankruptcyForm</a></td><td rowspan="1">1637738649974</td><td rowspan="1">1195</td></tr><tr class="failedeven"><td><a href="#m1">BankruptcyOrderFiltrationInAllOrders</a></td><td rowspan="1">1637738661085</td><td rowspan="1">9597</td></tr><tr class="failedeven"><td><a href="#m2">BankruptcyPayments</a></td><td rowspan="1">1637738651172</td><td rowspan="1">1466</td></tr><tr class="failedeven"><td><a href="#m3">FillingTheNotices</a></td><td rowspan="1">1637738652642</td><td rowspan="1">1306</td></tr><tr class="failedeven"><td><a href="#m4">OrderFiltrationInBankruptcyAll</a></td><td rowspan="1">1637738653952</td><td rowspan="1">7131</td></tr><tr class="failedeven"><td><a href="#m5">OrderFiltrationInPrimary</a></td><td rowspan="1">1637738620875</td><td rowspan="1">7615</td></tr><tr class="failedeven"><td><a href="#m6">PrimaryForm</a></td><td rowspan="1">1637738618491</td><td rowspan="1">2358</td></tr><tr class="failedeven"><td><a href="#m7">PrimaryOrderFiltrationInAllOrders</a></td><td rowspan="1">1637738628493</td><td rowspan="1">8369</td></tr><tr><th colspan="4">CRM &#8212; passed</th></tr><tr class="passedeven"><td rowspan="6">CRM.Test.FormsTest</td><td><a href="#m8">BankruptcyTask</a></td><td rowspan="1">1637738641400</td><td rowspan="1">8572</td></tr><tr class="passedeven"><td><a href="#m9">MigrateToArbitration</a></td><td rowspan="1">1637738670685</td><td rowspan="1">4129</td></tr><tr class="passedeven"><td><a href="#m10">MigrateToBankruptcy</a></td><td rowspan="1">1637738636865</td><td rowspan="1">4533</td></tr><tr class="passedeven"><td><a href="#m11">OrderForm</a></td><td rowspan="1">1637738602585</td><td rowspan="1">8383</td></tr><tr class="passedeven"><td><a href="#m12">PreConditions</a></td><td rowspan="1">1637738592503</td><td rowspan="1">10047</td></tr><tr class="passedeven"><td><a href="#m13">PrimaryTask</a></td><td rowspan="1">1637738610973</td><td rowspan="1">7515</td></tr></tbody>
</table>
<h2>LK</h2><h2>CRM</h2><h3 id="m0">CRM.Test.FormsTest#BankruptcyForm</h3><table class="result"><tr><th>Exception</th></tr><tr><td><div class="stacktrace">org.openqa.selenium.ElementClickInterceptedException: element click intercepted: Element &lt;a _ngcontent-lax-c8=&quot;&quot; class=&quot;nav-link&quot; href=&quot;javascript:void(0);&quot; id=&quot;&quot;&gt;...&lt;/a&gt; is not clickable at point (1173, 116). Other element would receive the click: &lt;span class=&quot;ng-star-inserted&quot;&gt;...&lt;/span&gt;
  (Session info: chrome=96.0.4664.45)
Build info: version: &apos;4.0.0-rc-1&apos;, revision: &apos;bc5511cbda&apos;
System info: host: &apos;DESKTOP-H2D1FUP&apos;, ip: &apos;192.168.0.104&apos;, os.name: &apos;Windows 10&apos;, os.arch: &apos;amd64&apos;, os.version: &apos;10.0&apos;, java.version: &apos;17.0.1&apos;
Driver info: org.openqa.selenium.chrome.ChromeDriver
Command: [cbd65403cef9b11c15029e318a08a739, clickElement {id=5f81c866-f25e-4a70-9395-9defa69d4734}]
Capabilities {acceptInsecureCerts: false, browserName: chrome, browserVersion: 96.0.4664.45, chrome: {chromedriverVersion: 95.0.4638.54 (d31a821ec901f..., userDataDir: C:\Users\Evy\AppData\Local\...}, goog:chromeOptions: {debuggerAddress: localhost:60534}, javascriptEnabled: true, networkConnectionEnabled: false, pageLoadStrategy: normal, platform: WINDOWS, platformName: WINDOWS, proxy: Proxy(), se:cdp: ws://localhost:60534/devtoo..., se:cdpVersion: 96.0.4664.45, setWindowRect: true, strictFileInteractability: false, timeouts: {implicit: 0, pageLoad: 300000, script: 30000}, unhandledPromptBehavior: dismiss and notify, webauthn:extension:credBlob: true, webauthn:extension:largeBlob: true, webauthn:virtualAuthenticators: true}
Element: [[ChromeDriver: chrome on WINDOWS (cbd65403cef9b11c15029e318a08a739)] -&gt; css selector: .nav .nav-link]
Session ID: cbd65403cef9b11c15029e318a08a739
	at org.openqa.selenium.remote.codec.w3c.W3CHttpResponseCodec.createException(W3CHttpResponseCodec.java:200)
	at org.openqa.selenium.remote.codec.w3c.W3CHttpResponseCodec.decode(W3CHttpResponseCodec.java:133)
	at org.openqa.selenium.remote.codec.w3c.W3CHttpResponseCodec.decode(W3CHttpResponseCodec.java:53)
	at org.openqa.selenium.remote.HttpCommandExecutor.execute(HttpCommandExecutor.java:184)
	at org.openqa.selenium.remote.service.DriverCommandExecutor.invokeExecute(DriverCommandExecutor.java:164)
	at org.openqa.selenium.remote.service.DriverCommandExecutor.execute(DriverCommandExecutor.java:139)
	at org.openqa.selenium.remote.RemoteWebDriver.execute(RemoteWebDriver.java:547)
	at org.openqa.selenium.remote.RemoteWebElement.execute(RemoteWebElement.java:251)
	at org.openqa.selenium.remote.RemoteWebElement.click(RemoteWebElement.java:77)
	at Pages.Page.clickOn(Page.java:44)
	at Pages.CRM.Test.Forms.Bankruptcy.swithNavigationTabTo(Bankruptcy.java:80)
	at CRM.Test.FormsTest.BankruptcyForm(FormsTest.java:244)
	at java.base/java.util.concurrent.ThreadPoolExecutor.runWorker(ThreadPoolExecutor.java:1136)
	at java.base/java.util.concurrent.ThreadPoolExecutor$Worker.run(ThreadPoolExecutor.java:635)
	at java.base/java.lang.Thread.run(Thread.java:833)
... Removed 17 stack frames</div></td></tr></table><p class="totop"><a href="#summary">back to summary</a></p>
<h3 id="m1">CRM.Test.FormsTest#BankruptcyOrderFiltrationInAllOrders</h3><table class="result"><tr><th>Exception</th></tr><tr><td><div class="stacktrace">java.lang.AssertionError: expected [true] but found [false]
	at CRM.Test.FormsTest.BankruptcyOrderFiltrationInAllOrders(FormsTest.java:326)
	at java.base/java.util.concurrent.ThreadPoolExecutor.runWorker(ThreadPoolExecutor.java:1136)
	at java.base/java.util.concurrent.ThreadPoolExecutor$Worker.run(ThreadPoolExecutor.java:635)
	at java.base/java.lang.Thread.run(Thread.java:833)
... Removed 16 stack frames</div></td></tr></table><p class="totop"><a href="#summary">back to summary</a></p>
<h3 id="m2">CRM.Test.FormsTest#BankruptcyPayments</h3><table class="result"><tr><th>Exception</th></tr><tr><td><div class="stacktrace">org.openqa.selenium.ElementClickInterceptedException: element click intercepted: Element &lt;li _ngcontent-lax-c6=&quot;&quot; class=&quot;list-group-item d-flex justify-content-between align-items-center ng-star-inserted&quot; data-action=&quot;payments&quot;&gt;...&lt;/li&gt; is not clickable at point (527, 593). Other element would receive the click: &lt;modal-container class=&quot;modal fade show&quot; role=&quot;dialog&quot; tabindex=&quot;-1&quot; style=&quot;display: block;&quot; aria-modal=&quot;true&quot;&gt;...&lt;/modal-container&gt;
  (Session info: chrome=96.0.4664.45)
Build info: version: &apos;4.0.0-rc-1&apos;, revision: &apos;bc5511cbda&apos;
System info: host: &apos;DESKTOP-H2D1FUP&apos;, ip: &apos;192.168.0.104&apos;, os.name: &apos;Windows 10&apos;, os.arch: &apos;amd64&apos;, os.version: &apos;10.0&apos;, java.version: &apos;17.0.1&apos;
Driver info: org.openqa.selenium.chrome.ChromeDriver
Command: [cbd65403cef9b11c15029e318a08a739, clickElement {id=3c12dfdb-0e3a-4197-8262-7025b86b6b93}]
Capabilities {acceptInsecureCerts: false, browserName: chrome, browserVersion: 96.0.4664.45, chrome: {chromedriverVersion: 95.0.4638.54 (d31a821ec901f..., userDataDir: C:\Users\Evy\AppData\Local\...}, goog:chromeOptions: {debuggerAddress: localhost:60534}, javascriptEnabled: true, networkConnectionEnabled: false, pageLoadStrategy: normal, platform: WINDOWS, platformName: WINDOWS, proxy: Proxy(), se:cdp: ws://localhost:60534/devtoo..., se:cdpVersion: 96.0.4664.45, setWindowRect: true, strictFileInteractability: false, timeouts: {implicit: 0, pageLoad: 300000, script: 30000}, unhandledPromptBehavior: dismiss and notify, webauthn:extension:credBlob: true, webauthn:extension:largeBlob: true, webauthn:virtualAuthenticators: true}
Element: [[ChromeDriver: chrome on WINDOWS (cbd65403cef9b11c15029e318a08a739)] -&gt; css selector: .list-group-item]
Session ID: cbd65403cef9b11c15029e318a08a739
	at org.openqa.selenium.remote.codec.w3c.W3CHttpResponseCodec.createException(W3CHttpResponseCodec.java:200)
	at org.openqa.selenium.remote.codec.w3c.W3CHttpResponseCodec.decode(W3CHttpResponseCodec.java:133)
	at org.openqa.selenium.remote.codec.w3c.W3CHttpResponseCodec.decode(W3CHttpResponseCodec.java:53)
	at org.openqa.selenium.remote.HttpCommandExecutor.execute(HttpCommandExecutor.java:184)
	at org.openqa.selenium.remote.service.DriverCommandExecutor.invokeExecute(DriverCommandExecutor.java:164)
	at org.openqa.selenium.remote.service.DriverCommandExecutor.execute(DriverCommandExecutor.java:139)
	at org.openqa.selenium.remote.RemoteWebDriver.execute(RemoteWebDriver.java:547)
	at org.openqa.selenium.remote.RemoteWebElement.execute(RemoteWebElement.java:251)
	at org.openqa.selenium.remote.RemoteWebElement.click(RemoteWebElement.java:77)
	at Pages.Page.clickOn(Page.java:44)
	at Pages.CRM.Test.Forms.Bankruptcy.switchDownNavigationTabTo(Bankruptcy.java:152)
	at CRM.Test.FormsTest.BankruptcyPayments(FormsTest.java:277)
	at java.base/java.util.concurrent.ThreadPoolExecutor.runWorker(ThreadPoolExecutor.java:1136)
	at java.base/java.util.concurrent.ThreadPoolExecutor$Worker.run(ThreadPoolExecutor.java:635)
	at java.base/java.lang.Thread.run(Thread.java:833)
... Removed 17 stack frames</div></td></tr></table><p class="totop"><a href="#summary">back to summary</a></p>
<h3 id="m3">CRM.Test.FormsTest#FillingTheNotices</h3><table class="result"><tr><th>Exception</th></tr><tr><td><div class="stacktrace">org.openqa.selenium.ElementClickInterceptedException: element click intercepted: Element &lt;li _ngcontent-lax-c6=&quot;&quot; class=&quot;list-group-item d-flex justify-content-between align-items-center ng-star-inserted&quot; data-action=&quot;notices&quot;&gt;...&lt;/li&gt; is not clickable at point (527, 691). Other element would receive the click: &lt;modal-container class=&quot;modal fade show&quot; role=&quot;dialog&quot; tabindex=&quot;-1&quot; style=&quot;display: block;&quot; aria-modal=&quot;true&quot;&gt;...&lt;/modal-container&gt;
  (Session info: chrome=96.0.4664.45)
Build info: version: &apos;4.0.0-rc-1&apos;, revision: &apos;bc5511cbda&apos;
System info: host: &apos;DESKTOP-H2D1FUP&apos;, ip: &apos;192.168.0.104&apos;, os.name: &apos;Windows 10&apos;, os.arch: &apos;amd64&apos;, os.version: &apos;10.0&apos;, java.version: &apos;17.0.1&apos;
Driver info: org.openqa.selenium.chrome.ChromeDriver
Command: [cbd65403cef9b11c15029e318a08a739, clickElement {id=e2cb2591-df31-45d5-b544-fa7c1eb1563e}]
Capabilities {acceptInsecureCerts: false, browserName: chrome, browserVersion: 96.0.4664.45, chrome: {chromedriverVersion: 95.0.4638.54 (d31a821ec901f..., userDataDir: C:\Users\Evy\AppData\Local\...}, goog:chromeOptions: {debuggerAddress: localhost:60534}, javascriptEnabled: true, networkConnectionEnabled: false, pageLoadStrategy: normal, platform: WINDOWS, platformName: WINDOWS, proxy: Proxy(), se:cdp: ws://localhost:60534/devtoo..., se:cdpVersion: 96.0.4664.45, setWindowRect: true, strictFileInteractability: false, timeouts: {implicit: 0, pageLoad: 300000, script: 30000}, unhandledPromptBehavior: dismiss and notify, webauthn:extension:credBlob: true, webauthn:extension:largeBlob: true, webauthn:virtualAuthenticators: true}
Element: [[ChromeDriver: chrome on WINDOWS (cbd65403cef9b11c15029e318a08a739)] -&gt; css selector: .list-group-item]
Session ID: cbd65403cef9b11c15029e318a08a739
	at org.openqa.selenium.remote.codec.w3c.W3CHttpResponseCodec.createException(W3CHttpResponseCodec.java:200)
	at org.openqa.selenium.remote.codec.w3c.W3CHttpResponseCodec.decode(W3CHttpResponseCodec.java:133)
	at org.openqa.selenium.remote.codec.w3c.W3CHttpResponseCodec.decode(W3CHttpResponseCodec.java:53)
	at org.openqa.selenium.remote.HttpCommandExecutor.execute(HttpCommandExecutor.java:184)
	at org.openqa.selenium.remote.service.DriverCommandExecutor.invokeExecute(DriverCommandExecutor.java:164)
	at org.openqa.selenium.remote.service.DriverCommandExecutor.execute(DriverCommandExecutor.java:139)
	at org.openqa.selenium.remote.RemoteWebDriver.execute(RemoteWebDriver.java:547)
	at org.openqa.selenium.remote.RemoteWebElement.execute(RemoteWebElement.java:251)
	at org.openqa.selenium.remote.RemoteWebElement.click(RemoteWebElement.java:77)
	at Pages.Page.clickOn(Page.java:44)
	at Pages.CRM.Test.Forms.Bankruptcy.switchDownNavigationTabTo(Bankruptcy.java:152)
	at CRM.Test.FormsTest.FillingTheNotices(FormsTest.java:289)
	at java.base/java.util.concurrent.ThreadPoolExecutor.runWorker(ThreadPoolExecutor.java:1136)
	at java.base/java.util.concurrent.ThreadPoolExecutor$Worker.run(ThreadPoolExecutor.java:635)
	at java.base/java.lang.Thread.run(Thread.java:833)
... Removed 17 stack frames</div></td></tr></table><p class="totop"><a href="#summary">back to summary</a></p>
<h3 id="m4">CRM.Test.FormsTest#OrderFiltrationInBankruptcyAll</h3><table class="result"><tr><th>Exception</th></tr><tr><td><div class="stacktrace">java.lang.AssertionError: expected [true] but found [false]
	at CRM.Test.FormsTest.OrderFiltrationInBankruptcyAll(FormsTest.java:309)
	at java.base/java.util.concurrent.ThreadPoolExecutor.runWorker(ThreadPoolExecutor.java:1136)
	at java.base/java.util.concurrent.ThreadPoolExecutor$Worker.run(ThreadPoolExecutor.java:635)
	at java.base/java.lang.Thread.run(Thread.java:833)
... Removed 16 stack frames</div></td></tr></table><p class="totop"><a href="#summary">back to summary</a></p>
<h3 id="m5">CRM.Test.FormsTest#OrderFiltrationInPrimary</h3><table class="result"><tr><th>Exception</th></tr><tr><td><div class="stacktrace">java.lang.AssertionError: expected [true] but found [false]
	at CRM.Test.FormsTest.OrderFiltrationInPrimary(FormsTest.java:177)
	at java.base/java.util.concurrent.ThreadPoolExecutor.runWorker(ThreadPoolExecutor.java:1136)
	at java.base/java.util.concurrent.ThreadPoolExecutor$Worker.run(ThreadPoolExecutor.java:635)
	at java.base/java.lang.Thread.run(Thread.java:833)
... Removed 16 stack frames</div></td></tr></table><p class="totop"><a href="#summary">back to summary</a></p>
<h3 id="m6">CRM.Test.FormsTest#PrimaryForm</h3><table class="result"><tr><th>Exception</th></tr><tr><td><div class="stacktrace">org.openqa.selenium.ElementClickInterceptedException: element click intercepted: Element &lt;select _ngcontent-pie-c7=&quot;&quot; class=&quot;form-control ng-untouched ng-pristine ng-valid&quot; formcontrolname=&quot;company_id&quot; ng-reflect-name=&quot;company_id&quot; ng-reflect-model=&quot;0&quot;&gt;...&lt;/select&gt; is not clickable at point (1081, 410). Other element would receive the click: &lt;textarea _ngcontent-pie-c33=&quot;&quot; formcontrolname=&quot;resolved_comment&quot; placeholder=&quot;При завершении задачи заполните завершающий комментарий&quot; rows=&quot;2&quot; style=&quot;resize: vertical;&quot; ng-reflect-name=&quot;resolved_comment&quot; class=&quot;form-control ng-valid ng-dirty ng-touched&quot; ng-reflect-model=&quot;ОК&quot;&gt;&lt;/textarea&gt;
  (Session info: chrome=96.0.4664.45)
Build info: version: &apos;4.0.0-rc-1&apos;, revision: &apos;bc5511cbda&apos;
System info: host: &apos;DESKTOP-H2D1FUP&apos;, ip: &apos;192.168.0.104&apos;, os.name: &apos;Windows 10&apos;, os.arch: &apos;amd64&apos;, os.version: &apos;10.0&apos;, java.version: &apos;17.0.1&apos;
Driver info: org.openqa.selenium.chrome.ChromeDriver
Command: [cbd65403cef9b11c15029e318a08a739, clickElement {id=e4a610c9-7d3c-4aad-8aa6-ba8754b18393}]
Capabilities {acceptInsecureCerts: false, browserName: chrome, browserVersion: 96.0.4664.45, chrome: {chromedriverVersion: 95.0.4638.54 (d31a821ec901f..., userDataDir: C:\Users\Evy\AppData\Local\...}, goog:chromeOptions: {debuggerAddress: localhost:60534}, javascriptEnabled: true, networkConnectionEnabled: false, pageLoadStrategy: normal, platform: WINDOWS, platformName: WINDOWS, proxy: Proxy(), se:cdp: ws://localhost:60534/devtoo..., se:cdpVersion: 96.0.4664.45, setWindowRect: true, strictFileInteractability: false, timeouts: {implicit: 0, pageLoad: 300000, script: 30000}, unhandledPromptBehavior: dismiss and notify, webauthn:extension:credBlob: true, webauthn:extension:largeBlob: true, webauthn:virtualAuthenticators: true}
Element: [[ChromeDriver: chrome on WINDOWS (cbd65403cef9b11c15029e318a08a739)] -&gt; css selector: .col-md-8 select.form-control]
Session ID: cbd65403cef9b11c15029e318a08a739
	at org.openqa.selenium.remote.codec.w3c.W3CHttpResponseCodec.createException(W3CHttpResponseCodec.java:200)
	at org.openqa.selenium.remote.codec.w3c.W3CHttpResponseCodec.decode(W3CHttpResponseCodec.java:133)
	at org.openqa.selenium.remote.codec.w3c.W3CHttpResponseCodec.decode(W3CHttpResponseCodec.java:53)
	at org.openqa.selenium.remote.HttpCommandExecutor.execute(HttpCommandExecutor.java:184)
	at org.openqa.selenium.remote.service.DriverCommandExecutor.invokeExecute(DriverCommandExecutor.java:164)
	at org.openqa.selenium.remote.service.DriverCommandExecutor.execute(DriverCommandExecutor.java:139)
	at org.openqa.selenium.remote.RemoteWebDriver.execute(RemoteWebDriver.java:547)
	at org.openqa.selenium.remote.RemoteWebElement.execute(RemoteWebElement.java:251)
	at org.openqa.selenium.remote.RemoteWebElement.click(RemoteWebElement.java:77)
	at Pages.Page.clickOn(Page.java:44)
	at Pages.CRM.Test.Forms.Primary.clickOnDropdownAndSelectVar(Primary.java:136)
	at CRM.Test.FormsTest.PrimaryForm(FormsTest.java:129)
	at java.base/java.util.concurrent.ThreadPoolExecutor.runWorker(ThreadPoolExecutor.java:1136)
	at java.base/java.util.concurrent.ThreadPoolExecutor$Worker.run(ThreadPoolExecutor.java:635)
	at java.base/java.lang.Thread.run(Thread.java:833)
... Removed 17 stack frames</div></td></tr></table><p class="totop"><a href="#summary">back to summary</a></p>
<h3 id="m7">CRM.Test.FormsTest#PrimaryOrderFiltrationInAllOrders</h3><table class="result"><tr><th>Exception</th></tr><tr><td><div class="stacktrace">java.lang.AssertionError: expected [true] but found [false]
	at CRM.Test.FormsTest.PrimaryOrderFiltrationInAllOrders(FormsTest.java:193)
	at java.base/java.util.concurrent.ThreadPoolExecutor.runWorker(ThreadPoolExecutor.java:1136)
	at java.base/java.util.concurrent.ThreadPoolExecutor$Worker.run(ThreadPoolExecutor.java:635)
	at java.base/java.lang.Thread.run(Thread.java:833)
... Removed 16 stack frames</div></td></tr></table><p class="totop"><a href="#summary">back to summary</a></p>
<h3 id="m8">CRM.Test.FormsTest#BankruptcyTask</h3><table class="result"><tr><th class="invisible"/></tr></table><p class="totop"><a href="#summary">back to summary</a></p>
<h3 id="m9">CRM.Test.FormsTest#MigrateToArbitration</h3><table class="result"><tr><th class="invisible"/></tr></table><p class="totop"><a href="#summary">back to summary</a></p>
<h3 id="m10">CRM.Test.FormsTest#MigrateToBankruptcy</h3><table class="result"><tr><th class="invisible"/></tr></table><p class="totop"><a href="#summary">back to summary</a></p>
<h3 id="m11">CRM.Test.FormsTest#OrderForm</h3><table class="result"><tr><th class="invisible"/></tr></table><p class="totop"><a href="#summary">back to summary</a></p>
<h3 id="m12">CRM.Test.FormsTest#PreConditions</h3><table class="result"><tr><th class="invisible"/></tr></table><p class="totop"><a href="#summary">back to summary</a></p>
<h3 id="m13">CRM.Test.FormsTest#PrimaryTask</h3><table class="result"><tr><th class="invisible"/></tr></table><p class="totop"><a href="#summary">back to summary</a></p>
</body>
</html>
